<?xml version="1.0" encoding="UTF-8" ?>
<testsuite errors="0" failures="0" hostname="nbunix" name="circle.CircleMethodTest" skipped="0" tests="14" time="0.079" timestamp="2025-02-13T10:39:39">
  <properties>
[...]
</properties>
  <testcase classname="circle.CircleMethodTest" name="testR10" time="0.008" />
  <testcase classname="circle.CircleMethodTest" name="testR11" time="0.0" />
  <testcase classname="circle.CircleMethodTest" name="testR15" time="0.001" />
  <testcase classname="circle.CircleMethodTest" name="testR16" time="0.0" />
  <testcase classname="circle.CircleMethodTest" name="testR17" time="0.0" />
  <testcase classname="circle.CircleMethodTest" name="testR18" time="0.001" />
  <testcase classname="circle.CircleMethodTest" name="testR1" time="0.0" />
  <testcase classname="circle.CircleMethodTest" name="testR2" time="0.0" />
  <testcase classname="circle.CircleMethodTest" name="testR3" time="0.0" />
  <testcase classname="circle.CircleMethodTest" name="testR4" time="0.0" />
  <testcase classname="circle.CircleMethodTest" name="testR5" time="0.001" />
  <testcase classname="circle.CircleMethodTest" name="testR8" time="0.0" />
  <testcase classname="circle.CircleMethodTest" name="testR9" time="0.0" />
  <testcase classname="circle.CircleMethodTest" name="testR6Values" time="0.0" />
  <system-out><![CDATA[]]></system-out>
  <system-err><![CDATA[]]></system-err>
</testsuite>
